<?xml version="1.0" encoding="UTF-8"?>
<!-- Generated by org.testng.reporters.JUnitXMLReporter -->
<testsuite ignored="1" hostname="rocky-NUC7i3BNH" failures="0" tests="1" name="Default test" time="23.396" errors="0" timestamp="2022-06-05T18:19:22 GMT-04:00">
  <testcase classname="com.rmani2005.pdfValidation.pdfMaster" name="firstPDFTest" time="23.341"/>
  <testcase classname="com.rmani2005.pdfValidation.pdfMaster" name="firstPDFTest_old" time="0.0">
    <ignored/>
  </testcase> <!-- firstPDFTest_old -->
</testsuite> <!-- Default test -->
