<?xml version="1.0" encoding="UTF-8"?>
<testng-results ignored="0" total="1" passed="1" failed="0" skipped="0">
  <reporter-output>
  </reporter-output>
  <suite started-at="2022-05-21T19:23:17 GMT-04:00" name="Default suite" finished-at="2022-05-21T19:23:21 GMT-04:00" duration-ms="3730">
    <groups>
    </groups>
    <test started-at="2022-05-21T19:23:17 GMT-04:00" name="Default test" finished-at="2022-05-21T19:23:21 GMT-04:00" duration-ms="3730">
      <class name="com.rmani2005.pdfValidation.pdfMaster">
        <test-method signature="firstPDFTest()[pri:0, instance:com.rmani2005.pdfValidation.pdfMaster@27c86f2d]" started-at="2022-05-21T19:23:17 GMT-04:00" name="firstPDFTest" finished-at="2022-05-21T19:23:21 GMT-04:00" duration-ms="3672" status="PASS">
          <reporter-output>
          </reporter-output>
        </test-method> <!-- firstPDFTest -->
      </class> <!-- com.rmani2005.pdfValidation.pdfMaster -->
    </test> <!-- Default test -->
  </suite> <!-- Default suite -->
</testng-results>
