<?xml version="1.0" encoding="UTF-8"?>
<testng-results ignored="1" total="2" passed="1" failed="0" skipped="0">
  <reporter-output>
  </reporter-output>
  <suite started-at="2022-06-05T18:18:58 GMT-04:00" name="Default suite" finished-at="2022-06-05T18:19:22 GMT-04:00" duration-ms="23396">
    <groups>
    </groups>
    <test started-at="2022-06-05T18:18:58 GMT-04:00" name="Default test" finished-at="2022-06-05T18:19:22 GMT-04:00" duration-ms="23396">
      <class name="com.rmani2005.pdfValidation.pdfMaster">
        <test-method signature="firstPDFTest()[pri:0, instance:com.rmani2005.pdfValidation.pdfMaster@60dcc9fe]" started-at="2022-06-05T18:18:58 GMT-04:00" name="firstPDFTest" finished-at="2022-06-05T18:19:22 GMT-04:00" duration-ms="23341" status="PASS">
          <reporter-output>
          </reporter-output>
        </test-method> <!-- firstPDFTest -->
      </class> <!-- com.rmani2005.pdfValidation.pdfMaster -->
    </test> <!-- Default test -->
  </suite> <!-- Default suite -->
</testng-results>
